2018-12-12 18:00:25 TestErpApprovalflow.py[line:55] INFO 关键字驱动测试开始....
2018-12-12 18:00:25 TestErpApprovalflow.py[line:86] INFO 开始执行用例登录
2018-12-12 18:00:25 TestErpApprovalflow.py[line:87] INFO 测试用例共13步:
2018-12-12 18:00:25 TestErpApprovalflow.py[line:124] INFO open_browser('chrome')
2018-12-12 18:00:28 TestErpApprovalflow.py[line:151] INFO 步骤打开浏览器执行通过！
2018-12-12 18:00:28 TestErpApprovalflow.py[line:124] INFO visit_url('http://10.1.2.58:8080/login.jsp')
2018-12-12 18:00:29 TestErpApprovalflow.py[line:151] INFO 步骤打开URL地址执行通过！
2018-12-12 18:00:29 TestErpApprovalflow.py[line:124] INFO maximize_browser()
2018-12-12 18:00:31 TestErpApprovalflow.py[line:151] INFO 步骤浏览器最大化执行通过！
2018-12-12 18:00:31 TestErpApprovalflow.py[line:124] INFO sleep('5')
2018-12-12 18:00:36 TestErpApprovalflow.py[line:151] INFO 步骤等待5秒执行通过！
2018-12-12 18:00:36 TestErpApprovalflow.py[line:124] INFO assert_string_in_pagesource('深圳市金斧子网络科技有限公司-ERP')
2018-12-12 18:00:36 TestErpApprovalflow.py[line:151] INFO 步骤判断浏览器的标题执行通过！
2018-12-12 18:00:36 TestErpApprovalflow.py[line:124] INFO input_string('xpath','//*[@name="username"]',u'defang1')
2018-12-12 18:00:37 TestErpApprovalflow.py[line:151] INFO 步骤输入用户名执行通过！
2018-12-12 18:00:37 TestErpApprovalflow.py[line:124] INFO input_string('xpath','//*[@name="password"]',u'123456')
2018-12-12 18:00:37 TestErpApprovalflow.py[line:151] INFO 步骤输入密码执行通过！
2018-12-12 18:00:37 TestErpApprovalflow.py[line:124] INFO click('xpath','//*[@class="login-btn"]')
2018-12-12 18:00:38 TestErpApprovalflow.py[line:151] INFO 步骤点击登录按钮执行通过！
2018-12-12 18:00:38 TestErpApprovalflow.py[line:124] INFO sleep('5')
2018-12-12 18:00:43 TestErpApprovalflow.py[line:151] INFO 步骤等待5秒执行通过！
2018-12-12 18:00:43 TestErpApprovalflow.py[line:124] INFO move_to_element()
2018-12-12 18:00:43 TestErpApprovalflow.py[line:151] INFO 步骤移动到用户名上面执行通过！
2018-12-12 18:00:43 TestErpApprovalflow.py[line:124] INFO sleep('5')
2018-12-12 18:00:48 TestErpApprovalflow.py[line:151] INFO 步骤等待5秒执行通过！
2018-12-12 18:00:48 TestErpApprovalflow.py[line:124] INFO click('xpath','//*[text()="退出系统"]')
2018-12-12 18:00:50 TestErpApprovalflow.py[line:151] INFO 步骤点击退出系统按钮执行通过！
2018-12-12 18:00:50 TestErpApprovalflow.py[line:124] INFO close_browser()
2018-12-12 18:00:52 TestErpApprovalflow.py[line:151] INFO 步骤关闭浏览器执行通过！
2018-12-12 18:00:52 TestErpApprovalflow.py[line:159] INFO "共1条用例,1条需要被执行，本次执行通过1条,本次执行通过的步骤数13步,本次执行失败的步骤数0步."
